<?xml version="1.0" encoding="UTF-8"?>
<!-- Generated by org.testng.reporters.JUnitReportReporter -->
<testsuite hostname="user-PC" name="com.test.com.test.ExceptionTimeoutTest" tests="1" failures="0" timestamp="14 May 2019 13:02:54 GMT" time="0.022" errors="0">
  <testcase name="test1" time="0.022" classname="com.test.com.test.ExceptionTimeoutTest"/>
</testsuite> <!-- com.test.com.test.ExceptionTimeoutTest -->
