<?xml version="1.0" encoding="UTF-8"?>
<!-- Generated by org.testng.reporters.JUnitReportReporter -->
<testsuite hostname="user-PC" name="com.test.com.test.TestNGFeatures" tests="3" failures="0" timestamp="14 May 2019 11:29:08 GMT" time="0.026" errors="0">
  <testcase name="loginTest" time="0.022" classname="com.test.com.test.TestNGFeatures"/>
  <testcase name="HomePageTest" time="0.002" classname="com.test.com.test.TestNGFeatures"/>
  <testcase name="SearchPageTest" time="0.002" classname="com.test.com.test.TestNGFeatures"/>
</testsuite> <!-- com.test.com.test.TestNGFeatures -->
