<?xml version="1.0" encoding="UTF-8"?>
<!-- Generated by org.testng.reporters.JUnitReportReporter -->
<testsuite hostname="user-PC" name="com.test.com.test.InvocationcountTest" tests="10" failures="0" timestamp="14 May 2019 13:02:54 GMT" time="0.021" errors="0">
  <testcase name="sum" time="0.001" classname="com.test.com.test.InvocationcountTest"/>
  <testcase name="sum" time="0.001" classname="com.test.com.test.InvocationcountTest"/>
  <testcase name="sum" time="0.001" classname="com.test.com.test.InvocationcountTest"/>
  <testcase name="sum" time="0.008" classname="com.test.com.test.InvocationcountTest"/>
  <testcase name="sum" time="0.002" classname="com.test.com.test.InvocationcountTest"/>
  <testcase name="sum" time="0.002" classname="com.test.com.test.InvocationcountTest"/>
  <testcase name="sum" time="0.001" classname="com.test.com.test.InvocationcountTest"/>
  <testcase name="sum" time="0.001" classname="com.test.com.test.InvocationcountTest"/>
  <testcase name="sum" time="0.002" classname="com.test.com.test.InvocationcountTest"/>
  <testcase name="sum" time="0.002" classname="com.test.com.test.InvocationcountTest"/>
</testsuite> <!-- com.test.com.test.InvocationcountTest -->
